d:\projects\cplusplus\luxoft\crazytanks\crazytanks\debug\vc141.pdb
d:\projects\cplusplus\luxoft\crazytanks\crazytanks\debug\vc141.idb
d:\projects\cplusplus\luxoft\crazytanks\crazytanks\debug\consoleapp.obj
d:\projects\cplusplus\luxoft\crazytanks\crazytanks\debug\game.obj
d:\projects\cplusplus\luxoft\crazytanks\crazytanks\debug\gameobject.obj
d:\projects\cplusplus\luxoft\crazytanks\crazytanks\debug\main.obj
d:\projects\cplusplus\luxoft\crazytanks\crazytanks\debug\player.obj
d:\projects\cplusplus\luxoft\crazytanks\crazytanks\debug\field.obj
d:\projects\cplusplus\luxoft\crazytanks\crazytanks\debug\tank.obj
d:\projects\cplusplus\luxoft\crazytanks\crazytanks\debug\projectile.obj
d:\projects\cplusplus\luxoft\crazytanks\crazytanks\debug\wall.obj
d:\projects\cplusplus\luxoft\crazytanks\debug\crazytanks.exe
d:\projects\cplusplus\luxoft\crazytanks\debug\crazytanks.ilk
d:\projects\cplusplus\luxoft\crazytanks\debug\crazytanks.pdb
d:\projects\cplusplus\luxoft\crazytanks\crazytanks\debug\crazytanks.tlog\cl.command.1.tlog
d:\projects\cplusplus\luxoft\crazytanks\crazytanks\debug\crazytanks.tlog\cl.read.1.tlog
d:\projects\cplusplus\luxoft\crazytanks\crazytanks\debug\crazytanks.tlog\cl.write.1.tlog
d:\projects\cplusplus\luxoft\crazytanks\crazytanks\debug\crazytanks.tlog\link.command.1.tlog
d:\projects\cplusplus\luxoft\crazytanks\crazytanks\debug\crazytanks.tlog\link.read.1.tlog
d:\projects\cplusplus\luxoft\crazytanks\crazytanks\debug\crazytanks.tlog\link.write.1.tlog
